The `msstore` source requires that you view the following agreements before using.
Terms of Transaction: https://aka.ms/microsoft-store-terms-of-transaction
The source requires the current machine's 2-letter geographic region to be sent to the backend service to function properly (ex. "US").

Do you agree to all the source agreements terms?
[Y] Yes  [N] No: Name                            Id                                Version      Match               Source
----------------------------------------------------------------------------------------------------------
PostgreSQL 17                   PostgreSQL.PostgreSQL.17          17.10-2      Moniker: postgresql winget
PostgreSQL 18                   PostgreSQL.PostgreSQL.18          18.4-2       Moniker: postgresql winget
Postgres Pro Standard 13        PostgresPro.Standard.13           13.23        Moniker: postgresql winget
Postgres Pro Standard 14        PostgresPro.Standard.14           14.20        Moniker: postgresql winget
Postgres Pro Standard 15        PostgresPro.Standard.15           15.15        Moniker: postgresql winget
Postgres Pro Standard 17        PostgresPro.Standard.17           17.7         Moniker: postgresql winget
Hangar                          AnssolLabs.Hangar                 1.0.0        Tag: postgresql     winget
Benthic Software: GoldSqall 1.x BenthicSoftware.GoldSqall.1       1.5.0.130    Tag: postgresql     winget
Benthic Software: GoldSqall 2.x BenthicSoftware.GoldSqall.2       2.4.0.240    Tag: postgresql     winget
DbVisualizer                    DBVis.DBVisualizer                26.2         Tag: postgresql     winget
DBeaver                         DBeaver.DBeaver.Community         26.1.2       Tag: postgresql     winget
DBeaverEE                       DBeaver.DBeaver.Enterprise        26.1.0       Tag: postgresql     winget
DBeaverLite                     DBeaver.DBeaver.Lite              26.1.0       Tag: postgresql     winget
DBeaverTeam                     DBeaver.DBeaver.Team              26.1.0       Tag: postgresql     winget
DBeaverUltimate                 DBeaver.DBeaver.Ultimate          26.1.0       Tag: postgresql     winget
tabularis                       Debba.Tabularis                   0.14.0       Tag: postgresql     winget
HeidiSQL                        HeidiSQL.HeidiSQL                 12.20.0.7320 Tag: postgresql     winget
Luna Modeler                    Ideamerit.LunaModeler             13.6.3       Tag: postgresql     winget
DbGate                          JanProchazka.dbgate               7.2.1        Tag: postgresql     winget
Laragon                         LeNgocKhoa.Laragon                8.6.1        Tag: postgresql     winget
pgAdmin 4                       PostgreSQL.pgAdmin                9.16         Tag: postgresql     winget
psqlodbc                        PostgreSQL.psqlODBC               18.00.0002   Tag: postgresql     winget
psqlodbc (mimalloc version)     PostgreSQL.psqlODBC.mimalloc      18.00.0002   Tag: postgresql     winget
Navicat Premium                 PremiumSoft.NavicatPremium        17.3.11      Tag: postgresql     winget
Goose                           Pressly.Goose                     3.27.2       Tag: postgresql     winget
Devaron                         Revoltz.Devaron                   0.0.1        Tag: postgresql     winget
Keon CLI                        Seiraiyu.Keon                     0.1.34       Tag: postgresql     winget
TablePlus                       TablePlus.TablePlus               26.6.0       Tag: postgresql     winget
TeamIDE                         TeamIDE.TeamIDE                   2.6.38       Tag: postgresql     winget
SQL Schema Compare              TiCodeX.SQLSchemaCompare          2026.6.1     Tag: postgresql     winget
Dbmate                          amacneil.dbmate                   2.33.0       Tag: postgresql     winget
Beekeeper Studio                beekeeper-studio.beekeeper-studio 5.9.1        Tag: postgresql     winget
DBX                             t8y2.DBX                          0.5.50       Tag: postgresql     winget
Table View                      vantoan1511.TableView             0.4.5        Tag: postgresql     winget
JustQuery                       votinvv.JustQuery                 0.5.0        Tag: postgresql     winget
pgtail                          willibrandon.pgtail               0.6.1        Tag: postgresql     winget
Algernon                        xyproto.algernon                  1.17.10      Tag: postgresql     winget
Navicat Monitor                 PremiumSoft.NavicatMonitor        3.1.4        Tag: PostgreSQL     winget
Navicat On-Prem Server          PremiumSoft.NavicatOnPremServer   3.0.1        Tag: PostgreSQL     winget
Navicat for PostgreSQL          PremiumSoft.NavicatPostgreSQL     17.3.11      Tag: PostgreSQL     winget
Sante PACS Server PG            Santesoft.SantePacsServerPG       4.2.5        Tag: PostgreSQL     winget
Kangaroo MariaDB                Taozuhong.KangarooMariaDB         9.6.1.701    Tag: PostgreSQL     winget
Kangaroo MongoDB                Taozuhong.KangarooMongoDB         9.6.1.701    Tag: PostgreSQL     winget
Kangaroo Multiple               Taozuhong.KangarooMultiple        9.6.1.701    Tag: PostgreSQL     winget
Kangaroo MySQL                  Taozuhong.KangarooMySQL           9.6.1.701    Tag: PostgreSQL     winget
Kangaroo Oracle                 Taozuhong.KangarooOracle          9.6.1.701    Tag: PostgreSQL     winget
Kangaroo PostgreSQL             Taozuhong.KangarooPostgreSQL      9.6.1.701    Tag: PostgreSQL     winget
Kangaroo Redis                  Taozuhong.KangarooRedis           9.6.1.701    Tag: PostgreSQL     winget
Kangaroo SQLServer              Taozuhong.KangarooSQLServer       9.6.1.701    Tag: PostgreSQL     winget
Kangaroo SQLite                 Taozuhong.KangarooSQLite          9.6.1.701    Tag: PostgreSQL     winget
PostgreSQL中文手册              9NBLGGH4NSM4                      Unknown                          msstore
PostgreSQL 10                   PostgreSQL.PostgreSQL.10          10                               winget
PostgreSQL 11                   PostgreSQL.PostgreSQL.11          11                               winget
PostgreSQL 12                   PostgreSQL.PostgreSQL.12          12.22-1                          winget
PostgreSQL 13                   PostgreSQL.PostgreSQL.13          13.23-1                          winget
PostgreSQL 14                   PostgreSQL.PostgreSQL.14          14.23-2                          winget
PostgreSQL 15                   PostgreSQL.PostgreSQL.15          15.18-2                          winget
PostgreSQL 16                   PostgreSQL.PostgreSQL.16          16.14-2                          winget
PostgreSQL 9                    PostgreSQL.PostgreSQL.9           9                                winget
